23:26:32.132 [main] INFO  org.testng.internal.Utils - [Utils] MethodGroupsHelper.sortMethods() took 1 ms.
23:26:32.152 [main] INFO  org.testng.internal.Utils - [Utils] MethodGroupsHelper.collectMethodsByGroup() took 0 ms.
23:26:32.153 [main] INFO  org.testng.internal.Utils - [Utils] MethodGroupsHelper.sortMethods() took 1 ms.
23:26:32.154 [main] INFO  org.testng.internal.Utils - [Utils] MethodGroupsHelper.collectMethodsByGroup() took 0 ms.
23:26:32.155 [main] INFO  org.testng.internal.Utils - [Utils] MethodGroupsHelper.sortMethods() took 0 ms.
23:26:32.156 [main] INFO  org.testng.internal.Utils - [Utils] MethodGroupsHelper.collectMethodsByGroup() took 0 ms.
23:26:32.160 [main] INFO  org.testng.internal.Utils - [Utils] MethodGroupsHelper.sortMethods() took 0 ms.
23:26:32.163 [main] INFO  org.testng.internal.Utils - [Utils] MethodGroupsHelper.collectMethodsByGroup() took 0 ms.
23:26:32.163 [main] INFO  org.testng.internal.Utils - [Utils] MethodGroupsHelper.sortMethods() took 0 ms.
23:26:32.164 [main] INFO  org.testng.internal.Utils - [Utils] MethodGroupsHelper.collectMethodsByGroup() took 0 ms.
23:26:32.164 [main] INFO  org.testng.internal.Utils - [Utils] MethodGroupsHelper.sortMethods() took 0 ms.
23:26:32.167 [main] INFO  org.testng.internal.Utils - [Utils] MethodGroupsHelper.collectMethodsByGroup() took 0 ms.
23:26:32.167 [main] INFO  org.testng.internal.Utils - [Utils] MethodGroupsHelper.sortMethods() took 0 ms.
23:26:32.168 [main] INFO  org.testng.internal.Utils - [Utils] MethodGroupsHelper.collectMethodsByGroup() took 0 ms.
23:26:32.168 [main] INFO  org.testng.internal.Utils - [Utils] MethodGroupsHelper.sortMethods() took 0 ms.
23:26:32.169 [main] INFO  org.testng.internal.Utils - [Utils] MethodGroupsHelper.collectMethodsByGroup() took 0 ms.
23:26:32.170 [main] INFO  org.testng.internal.Utils - [Utils] MethodGroupsHelper.sortMethods() took 0 ms.
23:26:32.173 [main] INFO  org.testng.internal.Utils - [Utils] MethodGroupsHelper.collectMethodsByGroup() took 0 ms.
23:26:32.173 [main] INFO  org.testng.internal.Utils - [Utils] MethodGroupsHelper.sortMethods() took 0 ms.
23:26:32.174 [main] INFO  org.testng.internal.Utils - [Utils] MethodGroupsHelper.collectMethodsByGroup() took 1 ms.
23:26:32.175 [main] INFO  org.testng.internal.Utils - [Utils] MethodGroupsHelper.sortMethods() took 0 ms.
23:26:32.180 [main] INFO  org.testng.internal.Utils - [TestNG] Running:
  C:\Users\Hassain\IdeaProjects\OpenCart\master.xml

23:26:32.189 [main] INFO  org.testng.internal.Utils - [ThreadUtil] Starting executor timeOut:2147483647ms workers:1 threadPoolSize:5
23:26:32.206 [TestNG-tests-1] INFO  org.testng.internal.Utils - [Utils] DynamicGraphHelper.createDynamicGraph() took 5 ms.
23:26:37.220 [TestNG-tests-1] INFO  testCases.TC_004_searchingproduct - Test Started
23:26:37.258 [TestNG-tests-1] INFO  testCases.TC_004_searchingproduct - clicking on my account
23:26:37.405 [TestNG-tests-1] INFO  testCases.TC_004_searchingproduct - clicking on login
23:26:37.771 [TestNG-tests-1] INFO  testCases.TC_004_searchingproduct - Passing the emailid
23:26:37.962 [TestNG-tests-1] INFO  testCases.TC_004_searchingproduct - Passing the password
23:26:38.100 [TestNG-tests-1] INFO  testCases.TC_004_searchingproduct - cliking on loginbutton
23:26:38.934 [TestNG-tests-1] INFO  testCases.TC_004_searchingproduct - fetching product name from properties file
23:26:39.045 [TestNG-tests-1] INFO  testCases.TC_004_searchingproduct - clicking on search button
23:26:44.496 [TestNG-tests-1] INFO  testCases.TC_004_searchingproduct - validating the result
23:26:44.496 [TestNG-tests-1] INFO  testCases.TC_004_searchingproduct - Test Completed
23:26:44.944 [main] INFO  org.testng.internal.Utils - [TestNG] Time taken by org.testng.internal.ExitCodeListener@58ebfd03: 0 ms
